<?xml version="1.0" encoding="UTF-8"?>
<testsuite name="com.marcos.exercise.InputValidatorTests" tests="5" skipped="0" failures="0" errors="0" timestamp="2020-01-15T01:14:18" hostname="olso" time="0.047">
  <properties/>
  <testcase name="validateTrueSequence()" classname="com.marcos.exercise.InputValidatorTests" time="0.032"/>
  <testcase name="validateBadFormatCommand()" classname="com.marcos.exercise.InputValidatorTests" time="0.003"/>
  <testcase name="validateSingleElementSequence()" classname="com.marcos.exercise.InputValidatorTests" time="0.001"/>
  <testcase name="validateBadFormat()" classname="com.marcos.exercise.InputValidatorTests" time="0.002"/>
  <testcase name="validateFalseSequence()" classname="com.marcos.exercise.InputValidatorTests" time="0.001"/>
  <system-out><![CDATA[]]></system-out>
  <system-err><![CDATA[]]></system-err>
</testsuite>
